[01m[K/home/aprs/aprs/aprs_ws/src/gear_ur/src/gear_pick.cpp:[m[K In member function â€˜[01m[Kvoid gearpick::UrRobotWaitForAttach(double)[m[Kâ€™:
[01m[K/home/aprs/aprs/aprs_ws/src/gear_ur/src/gear_pick.cpp:77:11:[m[K [01;31m[Kerror: [m[Kâ€˜[01m[Kfloor_gripper_state_[m[Kâ€™ was not declared in this scope
   77 |   while (![01;31m[Kfloor_gripper_state_[m[K.attached)
      |           [01;31m[K^~~~~~~~~~~~~~~~~~~~[m[K
[01m[K/home/aprs/aprs/aprs_ws/src/gear_ur/src/gear_pick.cpp:85:5:[m[K [01;31m[Kerror: [m[Kâ€˜[01m[KFloorRobotMoveCartesian[m[Kâ€™ was not declared in this scope; did you mean â€˜[01m[KUrRobotMoveCartesian[m[Kâ€™?
   85 |     [01;31m[KFloorRobotMoveCartesian[m[K(waypoints, 0.1, 0.1);
      |     [01;31m[K^~~~~~~~~~~~~~~~~~~~~~~[m[K
      |     [32m[KUrRobotMoveCartesian[m[K
gmake[2]: *** [CMakeFiles/gear_ur.dir/build.make:76: CMakeFiles/gear_ur.dir/src/gear_pick.cpp.o] Error 1
gmake[1]: *** [CMakeFiles/Makefile2:139: CMakeFiles/gear_ur.dir/all] Error 2
gmake: *** [Makefile:146: all] Error 2
