[0.008s] Invoking command in '/home/aprs/aprs/aprs_ws/build/gear_ur': CMAKE_PREFIX_PATH=${CMAKE_PREFIX_PATH}:/home/aprs/aprs/aprs_ws/install/conveyor_controller:/opt/ros/humble /usr/bin/cmake --build /home/aprs/aprs/aprs_ws/build/gear_ur -- -j16 -l16
[0.041s] [35m[1mConsolidate compiler generated dependencies of target gear_ur[0m
[0.062s] [ 25%] [32mBuilding CXX object CMakeFiles/gear_ur.dir/src/gear_pick.cpp.o[0m
[4.412s] [ 50%] [32m[1mLinking CXX shared library libgear_ur.so[0m
[4.544s] [ 50%] Built target gear_ur
[4.555s] [35m[1mConsolidate compiler generated dependencies of target gear[0m
[4.575s] [ 75%] [32mBuilding CXX object CMakeFiles/gear.dir/src/main.cpp.o[0m
[7.192s] [01m[K/home/aprs/aprs/aprs_ws/src/gear_ur/src/main.cpp:[m[K In function â€˜[01m[Kint main(int, char**)[m[Kâ€™:
[7.192s] [01m[K/home/aprs/aprs/aprs_ws/src/gear_ur/src/main.cpp:18:14:[m[K [01;31m[Kerror: [m[Kâ€˜[01m[Kusing element_type = class gearpick[m[Kâ€™ {aka â€˜[01m[Kclass gearpick[m[Kâ€™} has no member named â€˜[01m[KUrRobotWaitForAttach[m[Kâ€™
[7.193s]    18 |   gear_pick->[01;31m[KUrRobotWaitForAttach[m[K(5.00)
[7.193s]       |              [01;31m[K^~~~~~~~~~~~~~~~~~~~[m[K
[8.554s] gmake[2]: *** [CMakeFiles/gear.dir/build.make:76: CMakeFiles/gear.dir/src/main.cpp.o] Error 1
[8.554s] gmake[1]: *** [CMakeFiles/Makefile2:165: CMakeFiles/gear.dir/all] Error 2
[8.554s] gmake: *** [Makefile:146: all] Error 2
[8.556s] Invoked command in '/home/aprs/aprs/aprs_ws/build/gear_ur' returned '2': CMAKE_PREFIX_PATH=${CMAKE_PREFIX_PATH}:/home/aprs/aprs/aprs_ws/install/conveyor_controller:/opt/ros/humble /usr/bin/cmake --build /home/aprs/aprs/aprs_ws/build/gear_ur -- -j16 -l16
