[35m[1mConsolidate compiler generated dependencies of target gear_ur[0m
[ 50%] Built target gear_ur
[ 75%] [32mBuilding CXX object CMakeFiles/gear.dir/src/main.cpp.o[0m
[01m[K/home/aprs/aprs/aprs_ws/src/gear_ur/src/main.cpp:[m[K In function â€˜[01m[Kint main(int, char**)[m[Kâ€™:
[01m[K/home/aprs/aprs/aprs_ws/src/gear_ur/src/main.cpp:16:14:[m[K [01;31m[Kerror: [m[Kâ€˜[01m[Kusing element_type = class gearpick[m[Kâ€™ {aka â€˜[01m[Kclass gearpick[m[Kâ€™} has no member named â€˜[01m[KFloorRobotSendHome[m[Kâ€™; did you mean â€˜[01m[KUrRobotSendHome[m[Kâ€™?
   16 |   gear_pick->[01;31m[KFloorRobotSendHome[m[K();
      |              [01;31m[K^~~~~~~~~~~~~~~~~~[m[K
      |              [32m[KUrRobotSendHome[m[K
gmake[2]: *** [CMakeFiles/gear.dir/build.make:76: CMakeFiles/gear.dir/src/main.cpp.o] Error 1
gmake[1]: *** [CMakeFiles/Makefile2:165: CMakeFiles/gear.dir/all] Error 2
gmake: *** [Makefile:146: all] Error 2
