[35m[1mConsolidate compiler generated dependencies of target gear_ur[0m
[ 50%] Built target gear_ur
[35m[1mConsolidate compiler generated dependencies of target gear[0m
[ 75%] [32mBuilding CXX object CMakeFiles/gear.dir/src/main.cpp.o[0m
In file included from [01m[K/opt/ros/humble/include/rclcpp/rclcpp/client.hpp:40[m[K,
                 from [01m[K/opt/ros/humble/include/rclcpp/rclcpp/callback_group.hpp:24[m[K,
                 from [01m[K/opt/ros/humble/include/rclcpp/rclcpp/any_executable.hpp:20[m[K,
                 from [01m[K/opt/ros/humble/include/rclcpp/rclcpp/memory_strategy.hpp:25[m[K,
                 from [01m[K/opt/ros/humble/include/rclcpp/rclcpp/memory_strategies.hpp:18[m[K,
                 from [01m[K/opt/ros/humble/include/rclcpp/rclcpp/executor_options.hpp:20[m[K,
                 from [01m[K/opt/ros/humble/include/rclcpp/rclcpp/executor.hpp:37[m[K,
                 from [01m[K/opt/ros/humble/include/rclcpp/rclcpp/executors/multi_threaded_executor.hpp:25[m[K,
                 from [01m[K/opt/ros/humble/include/rclcpp/rclcpp/executors.hpp:21[m[K,
                 from [01m[K/opt/ros/humble/include/rclcpp/rclcpp/rclcpp.hpp:155[m[K,
                 from [01m[K/home/aprs/aprs/aprs_ws/src/gear_ur/include/gear_pick.hpp:2[m[K,
                 from [01m[K/home/aprs/aprs/aprs_ws/src/gear_ur/src/main.cpp:1[m[K:
[01m[K/home/aprs/aprs/aprs_ws/src/gear_ur/src/main.cpp:[m[K In function â€˜[01m[Kint main(int, char**)[m[Kâ€™:
[01m[K/home/aprs/aprs/aprs_ws/src/gear_ur/src/main.cpp:18:16:[m[K [01;31m[Kerror: [m[Kinvalid use of â€˜[01m[Kthis[m[Kâ€™ in non-member function
   18 |   RCLCPP_ERROR([01;31m[Kthis[m[K->get_logger(), "Moved to home");
      |                [01;31m[K^~~~[m[K
[01m[K/home/aprs/aprs/aprs_ws/src/gear_ur/src/main.cpp:18:16:[m[K [01;31m[Kerror: [m[Kinvalid use of â€˜[01m[Kthis[m[Kâ€™ in non-member function
[01m[K/home/aprs/aprs/aprs_ws/src/gear_ur/src/main.cpp:18:3:[m[K [01;31m[Kerror: [m[Ktemplate argument 1 is invalid
   18 |   [01;31m[KRCLCPP_ERROR[m[K(this->get_logger(), "Moved to home");
      |   [01;31m[K^~~~~~~~~~~~[m[K
[01m[K/home/aprs/aprs/aprs_ws/src/gear_ur/src/main.cpp:18:3:[m[K [01;31m[Kerror: [m[Kâ€˜[01m[K<declaration error>[m[Kâ€™ is not a template [[01;31m[K]8;;https://gcc.gnu.org/onlinedocs/gcc/Warning-Options.html#index-fpermissive-fpermissive]8;;[m[K]
   18 |   [01;31m[KRCLCPP_ERROR[m[K(this->get_logger(), "Moved to home");
      |   [01;31m[K^~~~~~~~~~~~[m[K
[01m[K/home/aprs/aprs/aprs_ws/src/gear_ur/src/main.cpp:18:3:[m[K [01;31m[Kerror: [m[Ktemplate argument 1 is invalid
   18 |   [01;31m[KRCLCPP_ERROR[m[K(this->get_logger(), "Moved to home");
      |   [01;31m[K^~~~~~~~~~~~[m[K
[01m[K/home/aprs/aprs/aprs_ws/src/gear_ur/src/main.cpp:18:3:[m[K [01;31m[Kerror: [m[Kâ€˜[01m[K<declaration error>[m[Kâ€™ is not a template [[01;31m[K]8;;https://gcc.gnu.org/onlinedocs/gcc/Warning-Options.html#index-fpermissive-fpermissive]8;;[m[K]
   18 |   [01;31m[KRCLCPP_ERROR[m[K(this->get_logger(), "Moved to home");
      |   [01;31m[K^~~~~~~~~~~~[m[K
[01m[K/home/aprs/aprs/aprs_ws/src/gear_ur/src/main.cpp:18:3:[m[K [01;31m[Kerror: [m[Ktemplate argument 1 is invalid
   18 |   [01;31m[KRCLCPP_ERROR[m[K(this->get_logger(), "Moved to home");
      |   [01;31m[K^~~~~~~~~~~~[m[K
In file included from [01m[K/opt/ros/humble/include/rclcpp/rclcpp/logging.hpp:24[m[K,
                 from [01m[K/opt/ros/humble/include/rclcpp/rclcpp/client.hpp:40[m[K,
                 from [01m[K/opt/ros/humble/include/rclcpp/rclcpp/callback_group.hpp:24[m[K,
                 from [01m[K/opt/ros/humble/include/rclcpp/rclcpp/any_executable.hpp:20[m[K,
                 from [01m[K/opt/ros/humble/include/rclcpp/rclcpp/memory_strategy.hpp:25[m[K,
                 from [01m[K/opt/ros/humble/include/rclcpp/rclcpp/memory_strategies.hpp:18[m[K,
                 from [01m[K/opt/ros/humble/include/rclcpp/rclcpp/executor_options.hpp:20[m[K,
                 from [01m[K/opt/ros/humble/include/rclcpp/rclcpp/executor.hpp:37[m[K,
                 from [01m[K/opt/ros/humble/include/rclcpp/rclcpp/executors/multi_threaded_executor.hpp:25[m[K,
                 from [01m[K/opt/ros/humble/include/rclcpp/rclcpp/executors.hpp:21[m[K,
                 from [01m[K/opt/ros/humble/include/rclcpp/rclcpp/rclcpp.hpp:155[m[K,
                 from [01m[K/home/aprs/aprs/aprs_ws/src/gear_ur/include/gear_pick.hpp:2[m[K,
                 from [01m[K/home/aprs/aprs/aprs_ws/src/gear_ur/src/main.cpp:1[m[K:
[01m[K/home/aprs/aprs/aprs_ws/src/gear_ur/src/main.cpp:18:16:[m[K [01;31m[Kerror: [m[Kinvalid use of â€˜[01m[Kthis[m[Kâ€™ in non-member function
   18 |   RCLCPP_ERROR([01;31m[Kthis[m[K->get_logger(), "Moved to home");
      |                [01;31m[K^~~~[m[K
[01m[K/home/aprs/aprs/aprs_ws/src/gear_ur/src/main.cpp:18:16:[m[K [01;31m[Kerror: [m[Kinvalid use of â€˜[01m[Kthis[m[Kâ€™ in non-member function
   18 |   RCLCPP_ERROR([01;31m[Kthis[m[K->get_logger(), "Moved to home");
      |                [01;31m[K^~~~[m[K
gmake[2]: *** [CMakeFiles/gear.dir/build.make:76: CMakeFiles/gear.dir/src/main.cpp.o] Error 1
gmake[1]: *** [CMakeFiles/Makefile2:165: CMakeFiles/gear.dir/all] Error 2
gmake: *** [Makefile:146: all] Error 2
