[0.250s] Invoking command in '/home/aprs/aprs/aprs_ws/build/gear_ur': CMAKE_PREFIX_PATH=${CMAKE_PREFIX_PATH}:/home/aprs/aprs/aprs_ws/install/conveyor_controller:/opt/ros/humble /usr/bin/cmake --build /home/aprs/aprs/aprs_ws/build/gear_ur -- -j16 -l16
[0.298s] [35m[1mConsolidate compiler generated dependencies of target gear_ur[0m
[0.364s] [ 50%] Built target gear_ur
[0.404s] [35m[1mConsolidate compiler generated dependencies of target gear[0m
[0.405s] [ 75%] [32mBuilding CXX object CMakeFiles/gear.dir/src/main.cpp.o[0m
[3.484s] In file included from [01m[K/opt/ros/humble/include/rclcpp/rclcpp/client.hpp:40[m[K,
[3.484s]                  from [01m[K/opt/ros/humble/include/rclcpp/rclcpp/callback_group.hpp:24[m[K,
[3.484s]                  from [01m[K/opt/ros/humble/include/rclcpp/rclcpp/any_executable.hpp:20[m[K,
[3.484s]                  from [01m[K/opt/ros/humble/include/rclcpp/rclcpp/memory_strategy.hpp:25[m[K,
[3.485s]                  from [01m[K/opt/ros/humble/include/rclcpp/rclcpp/memory_strategies.hpp:18[m[K,
[3.485s]                  from [01m[K/opt/ros/humble/include/rclcpp/rclcpp/executor_options.hpp:20[m[K,
[3.485s]                  from [01m[K/opt/ros/humble/include/rclcpp/rclcpp/executor.hpp:37[m[K,
[3.485s]                  from [01m[K/opt/ros/humble/include/rclcpp/rclcpp/executors/multi_threaded_executor.hpp:25[m[K,
[3.485s]                  from [01m[K/opt/ros/humble/include/rclcpp/rclcpp/executors.hpp:21[m[K,
[3.485s]                  from [01m[K/opt/ros/humble/include/rclcpp/rclcpp/rclcpp.hpp:155[m[K,
[3.485s]                  from [01m[K/home/aprs/aprs/aprs_ws/src/gear_ur/include/gear_pick.hpp:2[m[K,
[3.485s]                  from [01m[K/home/aprs/aprs/aprs_ws/src/gear_ur/src/main.cpp:1[m[K:
[3.485s] [01m[K/home/aprs/aprs/aprs_ws/src/gear_ur/src/main.cpp:[m[K In function â€˜[01m[Kint main(int, char**)[m[Kâ€™:
[3.485s] [01m[K/home/aprs/aprs/aprs_ws/src/gear_ur/src/main.cpp:18:16:[m[K [01;31m[Kerror: [m[Kinvalid use of â€˜[01m[Kthis[m[Kâ€™ in non-member function
[3.485s]    18 |   RCLCPP_ERROR([01;31m[Kthis[m[K->get_logger(), "Moved to home");
[3.485s]       |                [01;31m[K^~~~[m[K
[3.485s] [01m[K/home/aprs/aprs/aprs_ws/src/gear_ur/src/main.cpp:18:16:[m[K [01;31m[Kerror: [m[Kinvalid use of â€˜[01m[Kthis[m[Kâ€™ in non-member function
[3.485s] [01m[K/home/aprs/aprs/aprs_ws/src/gear_ur/src/main.cpp:18:3:[m[K [01;31m[Kerror: [m[Ktemplate argument 1 is invalid
[3.485s]    18 |   [01;31m[KRCLCPP_ERROR[m[K(this->get_logger(), "Moved to home");
[3.485s]       |   [01;31m[K^~~~~~~~~~~~[m[K
[3.485s] [01m[K/home/aprs/aprs/aprs_ws/src/gear_ur/src/main.cpp:18:3:[m[K [01;31m[Kerror: [m[Kâ€˜[01m[K<declaration error>[m[Kâ€™ is not a template [[01;31m[K]8;;https://gcc.gnu.org/onlinedocs/gcc/Warning-Options.html#index-fpermissive-fpermissive]8;;[m[K]
[3.485s]    18 |   [01;31m[KRCLCPP_ERROR[m[K(this->get_logger(), "Moved to home");
[3.485s]       |   [01;31m[K^~~~~~~~~~~~[m[K
[3.485s] [01m[K/home/aprs/aprs/aprs_ws/src/gear_ur/src/main.cpp:18:3:[m[K [01;31m[Kerror: [m[Ktemplate argument 1 is invalid
[3.485s]    18 |   [01;31m[KRCLCPP_ERROR[m[K(this->get_logger(), "Moved to home");
[3.485s]       |   [01;31m[K^~~~~~~~~~~~[m[K
[3.485s] [01m[K/home/aprs/aprs/aprs_ws/src/gear_ur/src/main.cpp:18:3:[m[K [01;31m[Kerror: [m[Kâ€˜[01m[K<declaration error>[m[Kâ€™ is not a template [[01;31m[K]8;;https://gcc.gnu.org/onlinedocs/gcc/Warning-Options.html#index-fpermissive-fpermissive]8;;[m[K]
[3.485s]    18 |   [01;31m[KRCLCPP_ERROR[m[K(this->get_logger(), "Moved to home");
[3.485s]       |   [01;31m[K^~~~~~~~~~~~[m[K
[3.485s] [01m[K/home/aprs/aprs/aprs_ws/src/gear_ur/src/main.cpp:18:3:[m[K [01;31m[Kerror: [m[Ktemplate argument 1 is invalid
[3.485s]    18 |   [01;31m[KRCLCPP_ERROR[m[K(this->get_logger(), "Moved to home");
[3.485s]       |   [01;31m[K^~~~~~~~~~~~[m[K
[3.485s] In file included from [01m[K/opt/ros/humble/include/rclcpp/rclcpp/logging.hpp:24[m[K,
[3.485s]                  from [01m[K/opt/ros/humble/include/rclcpp/rclcpp/client.hpp:40[m[K,
[3.485s]                  from [01m[K/opt/ros/humble/include/rclcpp/rclcpp/callback_group.hpp:24[m[K,
[3.485s]                  from [01m[K/opt/ros/humble/include/rclcpp/rclcpp/any_executable.hpp:20[m[K,
[3.485s]                  from [01m[K/opt/ros/humble/include/rclcpp/rclcpp/memory_strategy.hpp:25[m[K,
[3.485s]                  from [01m[K/opt/ros/humble/include/rclcpp/rclcpp/memory_strategies.hpp:18[m[K,
[3.485s]                  from [01m[K/opt/ros/humble/include/rclcpp/rclcpp/executor_options.hpp:20[m[K,
[3.485s]                  from [01m[K/opt/ros/humble/include/rclcpp/rclcpp/executor.hpp:37[m[K,
[3.485s]                  from [01m[K/opt/ros/humble/include/rclcpp/rclcpp/executors/multi_threaded_executor.hpp:25[m[K,
[3.485s]                  from [01m[K/opt/ros/humble/include/rclcpp/rclcpp/executors.hpp:21[m[K,
[3.485s]                  from [01m[K/opt/ros/humble/include/rclcpp/rclcpp/rclcpp.hpp:155[m[K,
[3.485s]                  from [01m[K/home/aprs/aprs/aprs_ws/src/gear_ur/include/gear_pick.hpp:2[m[K,
[3.486s]                  from [01m[K/home/aprs/aprs/aprs_ws/src/gear_ur/src/main.cpp:1[m[K:
[3.486s] [01m[K/home/aprs/aprs/aprs_ws/src/gear_ur/src/main.cpp:18:16:[m[K [01;31m[Kerror: [m[Kinvalid use of â€˜[01m[Kthis[m[Kâ€™ in non-member function
[3.486s]    18 |   RCLCPP_ERROR([01;31m[Kthis[m[K->get_logger(), "Moved to home");
[3.486s]       |                [01;31m[K^~~~[m[K
[3.486s] [01m[K/home/aprs/aprs/aprs_ws/src/gear_ur/src/main.cpp:18:16:[m[K [01;31m[Kerror: [m[Kinvalid use of â€˜[01m[Kthis[m[Kâ€™ in non-member function
[3.486s]    18 |   RCLCPP_ERROR([01;31m[Kthis[m[K->get_logger(), "Moved to home");
[3.486s]       |                [01;31m[K^~~~[m[K
[4.840s] gmake[2]: *** [CMakeFiles/gear.dir/build.make:76: CMakeFiles/gear.dir/src/main.cpp.o] Error 1
[4.841s] gmake[1]: *** [CMakeFiles/Makefile2:165: CMakeFiles/gear.dir/all] Error 2
[4.841s] gmake: *** [Makefile:146: all] Error 2
[4.843s] Invoked command in '/home/aprs/aprs/aprs_ws/build/gear_ur' returned '2': CMAKE_PREFIX_PATH=${CMAKE_PREFIX_PATH}:/home/aprs/aprs/aprs_ws/install/conveyor_controller:/opt/ros/humble /usr/bin/cmake --build /home/aprs/aprs/aprs_ws/build/gear_ur -- -j16 -l16
