[0.008s] Invoking command in '/home/aprs/aprs/aprs_ws/build/gear_ur': CMAKE_PREFIX_PATH=${CMAKE_PREFIX_PATH}:/home/aprs/aprs/aprs_ws/install/conveyor_controller:/opt/ros/humble /usr/bin/cmake --build /home/aprs/aprs/aprs_ws/build/gear_ur -- -j16 -l16
[0.046s] [35m[1mConsolidate compiler generated dependencies of target gear_ur[0m
[0.074s] [ 25%] [32mBuilding CXX object CMakeFiles/gear_ur.dir/src/gear_pick.cpp.o[0m
[4.209s] [ 50%] [32m[1mLinking CXX shared library libgear_ur.so[0m
[4.320s] [ 50%] Built target gear_ur
[4.334s] [ 75%] [32mBuilding CXX object CMakeFiles/gear.dir/src/main.cpp.o[0m
[4.340s] [01m[K/home/aprs/aprs/aprs_ws/src/gear_ur/src/main.cpp:1:10:[m[K [01;31m[Kfatal error: [m[Kgear_ur/gear_pick.hpp: No such file or directory
[4.340s]     1 | #include [01;31m[K<gear_ur/gear_pick.hpp>[m[K
[4.340s]       |          [01;31m[K^~~~~~~~~~~~~~~~~~~~~~~[m[K
[4.340s] compilation terminated.
[4.340s] gmake[2]: *** [CMakeFiles/gear.dir/build.make:76: CMakeFiles/gear.dir/src/main.cpp.o] Error 1
[4.340s] gmake[1]: *** [CMakeFiles/Makefile2:165: CMakeFiles/gear.dir/all] Error 2
[4.340s] gmake: *** [Makefile:146: all] Error 2
[4.342s] Invoked command in '/home/aprs/aprs/aprs_ws/build/gear_ur' returned '2': CMAKE_PREFIX_PATH=${CMAKE_PREFIX_PATH}:/home/aprs/aprs/aprs_ws/install/conveyor_controller:/opt/ros/humble /usr/bin/cmake --build /home/aprs/aprs/aprs_ws/build/gear_ur -- -j16 -l16
