[0.007s] Invoking command in '/home/aprs/aprs/aprs_ws/build/gear_ur': CMAKE_PREFIX_PATH=${CMAKE_PREFIX_PATH}:/home/aprs/aprs/aprs_ws/install/conveyor_controller:/opt/ros/humble /usr/bin/cmake --build /home/aprs/aprs/aprs_ws/build/gear_ur -- -j16 -l16
[0.039s] [35m[1mConsolidate compiler generated dependencies of target gear_ur[0m
[0.060s] [ 25%] [32mBuilding CXX object CMakeFiles/gear_ur.dir/src/gear_pick.cpp.o[0m
[2.688s] [01m[K/home/aprs/aprs/aprs_ws/src/gear_ur/src/gear_pick.cpp:[m[K In member function â€˜[01m[Kgeometry_msgs::msg::Pose gearpick::MultiplyPose(geometry_msgs::msg::Pose, geometry_msgs::msg::Pose)[m[Kâ€™:
[2.688s] [01m[K/home/aprs/aprs/aprs_ws/src/gear_ur/src/gear_pick.cpp:60:20:[m[K [01;31m[Kerror: [m[Kno matching function for call to â€˜[01m[KtoMsg(KDL::Frame&)[m[Kâ€™
[2.688s]    60 |   return [01;31m[Ktf2::toMsg(f3)[m[K;
[2.688s]       |          [01;31m[K~~~~~~~~~~^~~~[m[K
[2.688s] In file included from [01m[K/opt/ros/humble/include/tf2_ros/tf2_ros/buffer_interface.h:43[m[K,
[2.688s]                  from [01m[K/opt/ros/humble/include/tf2_ros/tf2_ros/buffer.h:42[m[K,
[2.688s]                  from [01m[K/opt/ros/humble/include/moveit/move_group_interface/move_group_interface.h:62[m[K,
[2.688s]                  from [01m[K/home/aprs/aprs/aprs_ws/src/gear_ur/include/gear_pick.hpp:11[m[K,
[2.688s]                  from [01m[K/home/aprs/aprs/aprs_ws/src/gear_ur/src/gear_pick.cpp:1[m[K:
[2.688s] [01m[K/opt/ros/humble/include/tf2/tf2/convert.h:129:3:[m[K [01;36m[Knote: [m[Kcandidate: â€˜[01m[Ktemplate<class A, class B> B tf2::toMsg(const A&)[m[Kâ€™
[2.688s]   129 | B [01;36m[KtoMsg[m[K(const A & a);
[2.688s]       |   [01;36m[K^~~~~[m[K
[2.688s] [01m[K/opt/ros/humble/include/tf2/tf2/convert.h:129:3:[m[K [01;36m[Knote: [m[K  template argument deduction/substitution failed:
[2.688s] [01m[K/home/aprs/aprs/aprs_ws/src/gear_ur/src/gear_pick.cpp:60:20:[m[K [01;36m[Knote: [m[K  couldnâ€™t deduce template parameter â€˜[01m[KB[m[Kâ€™
[2.688s]    60 |   return [01;36m[Ktf2::toMsg(f3)[m[K;
[2.688s]       |          [01;36m[K~~~~~~~~~~^~~~[m[K
[4.072s] gmake[2]: *** [CMakeFiles/gear_ur.dir/build.make:76: CMakeFiles/gear_ur.dir/src/gear_pick.cpp.o] Error 1
[4.072s] gmake[1]: *** [CMakeFiles/Makefile2:139: CMakeFiles/gear_ur.dir/all] Error 2
[4.072s] gmake: *** [Makefile:146: all] Error 2
[4.074s] Invoked command in '/home/aprs/aprs/aprs_ws/build/gear_ur' returned '2': CMAKE_PREFIX_PATH=${CMAKE_PREFIX_PATH}:/home/aprs/aprs/aprs_ws/install/conveyor_controller:/opt/ros/humble /usr/bin/cmake --build /home/aprs/aprs/aprs_ws/build/gear_ur -- -j16 -l16
